<?xml version="1.0" encoding="UTF-8" ?>
<testsuite errors="0" failures="0" hostname="CPT-AA009695" name="test_HelloWorld" skipped="0" tests="1" time="0.02" timestamp="2016-07-28T11:22:35">
  <properties>
    <property name="file.encoding.pkg" value="sun.io" />
    <property name="ivy.retrieve.pattern.ivy.instance" value="C:\Users\bakthu01\IdeaProjects\HelloWorld_2/lib/[artifact]-[revision](-[classifier]).[ext]" />
    <property name="java.vendor.url.ivy.instance" value="http://java.oracle.com/" />
    <property name="ivy.project.dir.ivy.instance" value="C:\Users\bakthu01\IdeaProjects\HelloWorld_2" />
    <property name="ivy.resolve.default.type.filter" value="*" />
    <property name="java.home" value="C:\Program Files\Java\jdk1.8.0_91\jre" />
    <property name="ivy.configurations.ivy.instance" value="*" />
    <property name="ivy.basedir.ivy.instance" value="C:\Users\bakthu01\IdeaProjects\HelloWorld_2" />
    <property name="ivy.dep.file.ivy.instance" value="ivy.xml" />
    <property name="java.endorsed.dirs" value="C:\Program Files\Java\jdk1.8.0_91\jre\lib\endorsed" />
    <property name="java.class.path.ivy.instance" value="C:\Program Files\apache-ant-1.9.7\lib\ant-launcher.jar;C:\Program Files\apache-ant-1.9.7\lib\ant-antlr.jar;C:\Program Files\apache-ant-1.9.7\lib\ant-apache-bcel.jar;C:\Program Files\apache-ant-1.9.7\lib\ant-apache-bsf.jar;C:\Program Files\apache-ant-1.9.7\lib\ant-apache-log4j.jar;C:\Program Files\apache-ant-1.9.7\lib\ant-apache-oro.jar;C:\Program Files\apache-ant-1.9.7\lib\ant-apache-regexp.jar;C:\Program Files\apache-ant-1.9.7\lib\ant-apache-resolver.jar;C:\Program Files\apache-ant-1.9.7\lib\ant-apache-xalan2.jar;C:\Program Files\apache-ant-1.9.7\lib\ant-commons-logging.jar;C:\Program Files\apache-ant-1.9.7\lib\ant-commons-net.jar;C:\Program Files\apache-ant-1.9.7\lib\ant-jai.jar;C:\Program Files\apache-ant-1.9.7\lib\ant-javamail.jar;C:\Program Files\apache-ant-1.9.7\lib\ant-jdepend.jar;C:\Program Files\apache-ant-1.9.7\lib\ant-jmf.jar;C:\Program Files\apache-ant-1.9.7\lib\ant-jsch.jar;C:\Program Files\apache-ant-1.9.7\lib\ant-junit.jar;C:\Program Files\apache-ant-1.9.7\lib\ant-junit4.jar;C:\Program Files\apache-ant-1.9.7\lib\ant-launcher.jar;C:\Program Files\apache-ant-1.9.7\lib\ant-netrexx.jar;C:\Program Files\apache-ant-1.9.7\lib\ant-swing.jar;C:\Program Files\apache-ant-1.9.7\lib\ant-testutil.jar;C:\Program Files\apache-ant-1.9.7\lib\ant.jar;C:\Program Files\apache-ant-1.9.7\lib\ivy-2.4.0.jar;C:\Program Files\apache-ant-1.9.7\lib\jsch-0.1.52.jar;C:\Program Files\Java\jdk1.8.0_91\lib\tools.jar" />
    <property name="ivy.home" value="C:\Users\bakthu01\.ivy2" />
    <property name="java.vm.specification.vendor.ivy.instance" value="Oracle Corporation" />
    <property name="sun.os.patch.level" value="Service Pack 1" />
    <property name="ivy.dep.file" value="ivy.xml" />
    <property name="java.vendor.url" value="http://java.oracle.com/" />
    <property name="ivy.lib.dir.ivy.instance" value="C:\Users\bakthu01\IdeaProjects\HelloWorld_2/lib" />
    <property name="java.version" value="1.8.0_91" />
    <property name="sun.stdout.encoding" value="cp437" />
    <property name="ivy.conf.dir.ivy.instance" value="http://artifactory.cpt.intecbilling.com/ivy" />
    <property name="sun.boot.library.path.ivy.instance" value="C:\Program Files\Java\jdk1.8.0_91\jre\bin" />
    <property name="ivy.report.output.pattern.ivy.instance" value="[organisation]-[module]-[conf].[ext]" />
    <property name="ivy.module" value="testingIvy" />
    <property name="ivy.publish.src.artifacts.pattern.ivy.instance" value="C:\Users\bakthu01\IdeaProjects\HelloWorld_2/distrib/[type]s/[artifact]-[revision](-[classifier]).[ext]" />
    <property name="java.vendor.url.bug" value="http://bugreport.sun.com/bugreport/" />
    <property name="sun.management.compiler.ivy.instance" value="HotSpot 64-Bit Tiered Compilers" />
    <property name="ant.project.invoked-targets" value="Run_HelloWorld" />
    <property name="os.name.ivy.instance" value="Windows 7" />
    <property name="ivy.default.ivy.user.dir.ivy.instance" value="C:\Users\bakthu01\.ivy2" />
    <property name="ivy.default.always.check.exact.revision" value="false" />
    <property name="ivy.default.settings.dir.ivy.instance" value="jar:file:/C:/Program%20Files/apache-ant-1.9.7/lib/ivy-2.4.0.jar!/org/apache/ivy/core/settings" />
    <property name="user.name" value="bakthu01" />
    <property name="sun.io.unicode.encoding" value="UnicodeLittle" />
    <property name="sun.jnu.encoding" value="Cp1252" />
    <property name="java.runtime.name" value="Java(TM) SE Runtime Environment" />
    <property name="ant.home.ivy.instance" value="C:\Program Files\apache-ant-1.9.7" />
    <property name="file.encoding.ivy.instance" value="Cp1252" />
    <property name="ivy.cache.ttl.default.ivy.instance" value="10s" />
    <property name="java.specification.vendor.ivy.instance" value="Oracle Corporation" />
    <property name="java.vendor.ivy.instance" value="Oracle Corporation" />
    <property name="sun.cpu.isalist.ivy.instance" value="amd64" />
    <property name="java.specification.name" value="Java Platform API Specification" />
    <property name="user.timezone" value="" />
    <property name="java.endorsed.dirs.ivy.instance" value="C:\Program Files\Java\jdk1.8.0_91\jre\lib\endorsed" />
    <property name="user.script" value="" />
    <property name="path.separator" value=";" />
    <property name="java.class.version.ivy.instance" value="52.0" />
    <property name="ivy.default.conf.dir" value="jar:file:/C:/Program%20Files/apache-ant-1.9.7/lib/ivy-2.4.0.jar!/org/apache/ivy/core/settings" />
    <property name="file.encoding" value="Cp1252" />
    <property name="java.runtime.name.ivy.instance" value="Java(TM) SE Runtime Environment" />
    <property name="ivy.resolve.default.type.filter.ivy.instance" value="*" />
    <property name="ant.project.default-target" value="Run_HelloWorld" />
    <property name="ivy.targets.copied" value="true" />
    <property name="ivy.parents.count" value="0" />
    <property name="sun.java.command" value="org.apache.tools.ant.launch.Launcher" />
    <property name="ant.file" value="C:\Users\bakthu01\IdeaProjects\HelloWorld_2\build.xml" />
    <property name="ivy.distrib.dir.ivy.instance" value="C:\Users\bakthu01\IdeaProjects\HelloWorld_2/distrib" />
    <property name="ivy.checksums.ivy.instance" value="sha1,md5" />
    <property name="sun.arch.data.model.ivy.instance" value="64" />
    <property name="ivy.build.artifacts.dir.ivy.instance" value="C:\Users\bakthu01\IdeaProjects\HelloWorld_2/build/artifacts" />
    <property name="ant.file.Hello World project" value="C:\Users\bakthu01\IdeaProjects\HelloWorld_2\build.xml" />
    <property name="user.variant.ivy.instance" value="" />
    <property name="ivy.settings.file" value="ivysettings.xml" />
    <property name="java.io.tmpdir" value="C:\Users\bakthu01\AppData\Local\Temp\" />
    <property name="ivy.buildlist.ivyfilepath.ivy.instance" value="ivy.xml" />
    <property name="ivy.cache.ttl.default" value="10s" />
    <property name="user.language" value="en" />
    <property name="user.dir.ivy.instance" value="C:\Users\bakthu01\IdeaProjects\HelloWorld_2" />
    <property name="ivy.home.ivy.instance" value="C:\Users\bakthu01\.ivy2" />
    <property name="line.separator" value="&#xd;&#xa;" />
    <property name="java.specification.version.ivy.instance" value="1.8" />
    <property name="ant.file.type" value="file" />
    <property name="ivy.build.artifacts.dir" value="C:\Users\bakthu01\IdeaProjects\HelloWorld_2/build/artifacts" />
    <property name="ivy.settings.dir.url" value="http://artifactory.cpt.intecbilling.com/ivy" />
    <property name="sun.io.unicode.encoding.ivy.instance" value="UnicodeLittle" />
    <property name="ivy.status" value="integration" />
    <property name="java.vm.info" value="mixed mode" />
    <property name="ivy.lib.dir" value="C:\Users\bakthu01\IdeaProjects\HelloWorld_2/lib" />
    <property name="sun.desktop" value="windows" />
    <property name="java.vm.specification.name" value="Java Virtual Machine Specification" />
    <property name="ivy.default.conf.dir.ivy.instance" value="jar:file:/C:/Program%20Files/apache-ant-1.9.7/lib/ivy-2.4.0.jar!/org/apache/ivy/core/settings" />
    <property name="artifactory.host.ivy.instance" value="artifactory.cpt.intecbilling.com" />
    <property name="lib.folder" value="lib" />
    <property name="java.vm.version.ivy.instance" value="25.91-b15" />
    <property name="user.name.ivy.instance" value="bakthu01" />
    <property name="ivy.cache.dir" value="C:\Users\bakthu01\.ivy2\cache" />
    <property name="artifactory.url.ivy.instance" value="http://artifactory.cpt.intecbilling.com" />
    <property name="java.awt.printerjob" value="sun.awt.windows.WPrinterJob" />
    <property name="java.io.tmpdir.ivy.instance" value="C:\Users\bakthu01\AppData\Local\Temp\" />
    <property name="ant.version" value="Apache Ant(TM) version 1.9.7 compiled on April 9 2016" />
    <property name="java.home.ivy.instance" value="C:\Program Files\Java\jdk1.8.0_91\jre" />
    <property name="java.vm.vendor.ivy.instance" value="Oracle Corporation" />
    <property name="user.script.ivy.instance" value="" />
    <property name="ivy.default.settings.dir" value="jar:file:/C:/Program%20Files/apache-ant-1.9.7/lib/ivy-2.4.0.jar!/org/apache/ivy/core/settings" />
    <property name="ivy.configurations" value="*" />
    <property name="ivy.settings.url" value="http://artifactory.cpt.intecbilling.com/ivy/ivysettings.xml" />
    <property name="os.name" value="Windows 7" />
    <property name="java.specification.vendor" value="Oracle Corporation" />
    <property name="sun.jnu.encoding.ivy.instance" value="Cp1252" />
    <property name="ivy.deliver.ivy.pattern.ivy.instance" value="C:\Users\bakthu01\IdeaProjects\HelloWorld_2/distrib/[type]s/[artifact]-[revision](-[classifier]).[ext]" />
    <property name="ivy.checksums" value="sha1,md5" />
    <property name="java.vm.name" value="Java HotSpot(TM) 64-Bit Server VM" />
    <property name="ivy.log.modules.in.use" value="false" />
    <property name="java.runtime.version.ivy.instance" value="1.8.0_91-b15" />
    <property name="ivy.report.output.pattern" value="[organisation]-[module]-[conf].[ext]" />
    <property name="ivy.version" value="2.4.0" />
    <property name="java.library.path" value="C:\Program Files\Java\jdk1.8.0_91\bin;C:\windows\Sun\Java\bin;C:\windows\system32;C:\windows;C:\ProgramData\Oracle\Java\javapath;C:\Oracle\product\11.2.0\client_1\bin;C:\windows\system32;C:\windows;C:\windows\System32\Wbem;C:\windows\System32\WindowsPowerShell\v1.0\;C:\Program Files\Git\cmd;C:\Program Files\apache-ant-1.9.7\bin;C:\Program Files\Java\jdk1.8.0_91\bin;." />
    <property name="ivy.conf.url" value="http://artifactory.cpt.intecbilling.com/ivy/ivysettings.xml" />
    <property name="java.vm.name.ivy.instance" value="Java HotSpot(TM) 64-Bit Server VM" />
    <property name="os.version.ivy.instance" value="6.1" />
    <property name="line.separator.ivy.instance" value="&#xd;&#xa;" />
    <property name="ant.java.version" value="1.8" />
    <property name="sun.desktop.ivy.instance" value="windows" />
    <property name="sun.cpu.endian.ivy.instance" value="little" />
    <property name="java.vm.specification.name.ivy.instance" value="Java Virtual Machine Specification" />
    <property name="basedir" value="C:\Users\bakthu01\IdeaProjects\HelloWorld_2" />
    <property name="java.class.version" value="52.0" />
    <property name="ivy.settings.url.ivy.instance" value="http://artifactory.cpt.intecbilling.com/ivy/ivysettings.xml" />
    <property name="path.separator.ivy.instance" value=";" />
    <property name="sun.boot.class.path.ivy.instance" value="C:\Program Files\Java\jdk1.8.0_91\jre\lib\resources.jar;C:\Program Files\Java\jdk1.8.0_91\jre\lib\rt.jar;C:\Program Files\Java\jdk1.8.0_91\jre\lib\sunrsasign.jar;C:\Program Files\Java\jdk1.8.0_91\jre\lib\jsse.jar;C:\Program Files\Java\jdk1.8.0_91\jre\lib\jce.jar;C:\Program Files\Java\jdk1.8.0_91\jre\lib\charsets.jar;C:\Program Files\Java\jdk1.8.0_91\jre\lib\jfr.jar;C:\Program Files\Java\jdk1.8.0_91\jre\classes" />
    <property name="ant.home" value="C:\Program Files\apache-ant-1.9.7" />
    <property name="ivy.resolved.configurations" value="default" />
    <property name="ivy.deliver.ivy.pattern" value="C:\Users\bakthu01\IdeaProjects\HelloWorld_2/distrib/[type]s/[artifact]-[revision](-[classifier]).[ext]" />
    <property name="sun.boot.library.path" value="C:\Program Files\Java\jdk1.8.0_91\jre\bin" />
    <property name="ivy.default.always.check.exact.revision.ivy.instance" value="false" />
    <property name="java.library.path.ivy.instance" value="C:\Program Files\Java\jdk1.8.0_91\bin;C:\windows\Sun\Java\bin;C:\windows\system32;C:\windows;C:\ProgramData\Oracle\Java\javapath;C:\Oracle\product\11.2.0\client_1\bin;C:\windows\system32;C:\windows;C:\windows\System32\Wbem;C:\windows\System32\WindowsPowerShell\v1.0\;C:\Program Files\Git\cmd;C:\Program Files\apache-ant-1.9.7\bin;C:\Program Files\Java\jdk1.8.0_91\bin;." />
    <property name="awt.toolkit.ivy.instance" value="sun.awt.windows.WToolkit" />
    <property name="ivy.basedir" value="C:\Users\bakthu01\IdeaProjects\HelloWorld_2" />
    <property name="sun.management.compiler" value="HotSpot 64-Bit Tiered Compilers" />
    <property name="java.ext.dirs.ivy.instance" value="C:\Program Files\Java\jdk1.8.0_91\jre\lib\ext;C:\windows\Sun\Java\lib\ext" />
    <property name="java.awt.graphicsenv" value="sun.awt.Win32GraphicsEnvironment" />
    <property name="user.variant" value="" />
    <property name="ivy.log.modules.in.use.ivy.instance" value="false" />
    <property name="ivy.settings.dir.url.ivy.instance" value="http://artifactory.cpt.intecbilling.com/ivy" />
    <property name="sun.os.patch.level.ivy.instance" value="Service Pack 1" />
    <property name="file.encoding.pkg.ivy.instance" value="sun.io" />
    <property name="ant.file.type.Hello World project" value="file" />
    <property name="ivy.resolver.default.check.modified" value="false" />
    <property name="ivy.settings.file.ivy.instance" value="ivysettings.xml" />
    <property name="ivy.nb.targets.copied" value="3" />
    <property name="ant.project.name" value="Hello World project" />
    <property name="java.vm.specification.version" value="1.8" />
    <property name="ivy.cache.dir.ivy.instance" value="C:\Users\bakthu01\.ivy2\cache" />
    <property name="ivy.status.ivy.instance" value="integration" />
    <property name="awt.toolkit" value="sun.awt.windows.WToolkit" />
    <property name="artifactory.host" value="artifactory.cpt.intecbilling.com" />
    <property name="sun.cpu.isalist" value="amd64" />
    <property name="sun.stderr.encoding" value="cp437" />
    <property name="file.separator.ivy.instance" value="\" />
    <property name="ivy.deps.changed" value="false" />
    <property name="java.ext.dirs" value="C:\Program Files\Java\jdk1.8.0_91\jre\lib\ext;C:\windows\Sun\Java\lib\ext" />
    <property name="os.version" value="6.1" />
    <property name="user.home" value="C:\Users\bakthu01" />
    <property name="sun.java.launcher.ivy.instance" value="SUN_STANDARD" />
    <property name="java.vm.vendor" value="Oracle Corporation" />
    <property name="ivy.organisation" value="csgi" />
    <property name="user.dir" value="C:\Users\bakthu01\IdeaProjects\HelloWorld_2" />
    <property name="ant.library.dir.ivy.instance" value="C:\Program Files\apache-ant-1.9.7\lib" />
    <property name="java.vm.info.ivy.instance" value="mixed mode" />
    <property name="ivy.publish.src.artifacts.pattern" value="C:\Users\bakthu01\IdeaProjects\HelloWorld_2/distrib/[type]s/[artifact]-[revision](-[classifier]).[ext]" />
    <property name="sun.java.command.ivy.instance" value="org.apache.tools.ant.launch.Launcher" />
    <property name="ivy.distrib.dir" value="C:\Users\bakthu01\IdeaProjects\HelloWorld_2/distrib" />
    <property name="sun.cpu.endian" value="little" />
    <property name="ivy.revision" value="working@CPT-AA009695" />
    <property name="user.timezone.ivy.instance" value="Africa/Harare" />
    <property name="java.vm.version" value="25.91-b15" />
    <property name="env.WORKSPACE.ivy.instance" value="C:\Users\bakthu01" />
    <property name="sun.stderr.encoding.ivy.instance" value="cp437" />
    <property name="ivy.default.ivy.user.dir" value="C:\Users\bakthu01\.ivy2" />
    <property name="java.class.path" value="C:\Program Files\apache-ant-1.9.7\lib\ant-launcher.jar;C:\Program Files\apache-ant-1.9.7\lib\ant-antlr.jar;C:\Program Files\apache-ant-1.9.7\lib\ant-apache-bcel.jar;C:\Program Files\apache-ant-1.9.7\lib\ant-apache-bsf.jar;C:\Program Files\apache-ant-1.9.7\lib\ant-apache-log4j.jar;C:\Program Files\apache-ant-1.9.7\lib\ant-apache-oro.jar;C:\Program Files\apache-ant-1.9.7\lib\ant-apache-regexp.jar;C:\Program Files\apache-ant-1.9.7\lib\ant-apache-resolver.jar;C:\Program Files\apache-ant-1.9.7\lib\ant-apache-xalan2.jar;C:\Program Files\apache-ant-1.9.7\lib\ant-commons-logging.jar;C:\Program Files\apache-ant-1.9.7\lib\ant-commons-net.jar;C:\Program Files\apache-ant-1.9.7\lib\ant-jai.jar;C:\Program Files\apache-ant-1.9.7\lib\ant-javamail.jar;C:\Program Files\apache-ant-1.9.7\lib\ant-jdepend.jar;C:\Program Files\apache-ant-1.9.7\lib\ant-jmf.jar;C:\Program Files\apache-ant-1.9.7\lib\ant-jsch.jar;C:\Program Files\apache-ant-1.9.7\lib\ant-junit.jar;C:\Program Files\apache-ant-1.9.7\lib\ant-junit4.jar;C:\Program Files\apache-ant-1.9.7\lib\ant-launcher.jar;C:\Program Files\apache-ant-1.9.7\lib\ant-netrexx.jar;C:\Program Files\apache-ant-1.9.7\lib\ant-swing.jar;C:\Program Files\apache-ant-1.9.7\lib\ant-testutil.jar;C:\Program Files\apache-ant-1.9.7\lib\ant.jar;C:\Program Files\apache-ant-1.9.7\lib\ivy-2.4.0.jar;C:\Program Files\apache-ant-1.9.7\lib\jsch-0.1.52.jar;C:\Program Files\Java\jdk1.8.0_91\lib\tools.jar" />
    <property name="user.home.ivy.instance" value="C:\Users\bakthu01" />
    <property name="basedir.ivy.instance" value="C:\Users\bakthu01\IdeaProjects\HelloWorld_2" />
    <property name="ant.library.dir" value="C:\Program Files\apache-ant-1.9.7\lib" />
    <property name="os.arch" value="amd64" />
    <property name="java.awt.graphicsenv.ivy.instance" value="sun.awt.Win32GraphicsEnvironment" />
    <property name="java.vendor.url.bug.ivy.instance" value="http://bugreport.sun.com/bugreport/" />
    <property name="java.vm.specification.version.ivy.instance" value="1.8" />
    <property name="sun.java.launcher" value="SUN_STANDARD" />
    <property name="java.awt.printerjob.ivy.instance" value="sun.awt.windows.WPrinterJob" />
    <property name="ivy.settings.dir.ivy.instance" value="http://artifactory.cpt.intecbilling.com/ivy" />
    <property name="ivy.resolver.default.check.modified.ivy.instance" value="false" />
    <property name="ant.core.lib" value="C:\Program Files\apache-ant-1.9.7\lib\ant.jar" />
    <property name="ivy.settings.dir" value="http://artifactory.cpt.intecbilling.com/ivy" />
    <property name="java.vm.specification.vendor" value="Oracle Corporation" />
    <property name="user.language.ivy.instance" value="en" />
    <property name="file.separator" value="\" />
    <property name="user.country.ivy.instance" value="US" />
    <property name="ivy.conf.url.ivy.instance" value="http://artifactory.cpt.intecbilling.com/ivy/ivysettings.xml" />
    <property name="java.runtime.version" value="1.8.0_91-b15" />
    <property name="java.specification.name.ivy.instance" value="Java Platform API Specification" />
    <property name="sun.boot.class.path" value="C:\Program Files\Java\jdk1.8.0_91\jre\lib\resources.jar;C:\Program Files\Java\jdk1.8.0_91\jre\lib\rt.jar;C:\Program Files\Java\jdk1.8.0_91\jre\lib\sunrsasign.jar;C:\Program Files\Java\jdk1.8.0_91\jre\lib\jsse.jar;C:\Program Files\Java\jdk1.8.0_91\jre\lib\jce.jar;C:\Program Files\Java\jdk1.8.0_91\jre\lib\charsets.jar;C:\Program Files\Java\jdk1.8.0_91\jre\lib\jfr.jar;C:\Program Files\Java\jdk1.8.0_91\jre\classes" />
    <property name="ivy.conf.dir" value="http://artifactory.cpt.intecbilling.com/ivy" />
    <property name="ivy.retrieve.pattern" value="C:\Users\bakthu01\IdeaProjects\HelloWorld_2/lib/[artifact]-[revision](-[classifier]).[ext]" />
    <property name="env.WORKSPACE" value="C:\Users\bakthu01" />
    <property name="user.country" value="US" />
    <property name="java.version.ivy.instance" value="1.8.0_91" />
    <property name="ivy.resolved.file" value="C:\Users\bakthu01\IdeaProjects\HelloWorld_2\ivy.xml" />
    <property name="sun.stdout.encoding.ivy.instance" value="cp437" />
    <property name="artifactory.url" value="http://artifactory.cpt.intecbilling.com" />
    <property name="os.arch.ivy.instance" value="amd64" />
    <property name="java.vendor" value="Oracle Corporation" />
    <property name="ivy.project.dir" value="C:\Users\bakthu01\IdeaProjects\HelloWorld_2" />
    <property name="java.specification.version" value="1.8" />
    <property name="sun.arch.data.model" value="64" />
    <property name="ivy.buildlist.ivyfilepath" value="ivy.xml" />
  </properties>
  <testcase classname="test_HelloWorld" name="checkIfItWorks" time="0.002" />
  <system-out><![CDATA[]]></system-out>
  <system-err><![CDATA[]]></system-err>
</testsuite>
